<?xml version="1.0" encoding="UTF-8"?>
<!-- Generated by org.testng.reporters.JUnitReportReporter -->
<testsuite skipped="0" hostname="ATMECSINLT-087" name="com.Konakart.KonakartAutomationTesting.testscripts.ComuterPeripheralsFunctionality" tests="3" failures="0" timestamp="15 Oct 2019 07:28:32 GMT" time="157.027" errors="0">
  <testcase name="searchBoxWithoutSearchOption" time="75.433" classname="com.Konakart.KonakartAutomationTesting.testscripts.ComuterPeripheralsFunctionality"/>
  <testcase name="searchBoxWithSearchOption" time="80.379" classname="com.Konakart.KonakartAutomationTesting.testscripts.ComuterPeripheralsFunctionality"/>
  <testcase name="productDetailsVerify" time="1.215" classname="com.Konakart.KonakartAutomationTesting.testscripts.ComuterPeripheralsFunctionality"/>
</testsuite> <!-- com.Konakart.KonakartAutomationTesting.testscripts.ComuterPeripheralsFunctionality -->
