<?xml version="1.0" encoding="UTF-8"?>
<!-- Generated by org.testng.reporters.JUnitReportReporter -->
<testsuite skipped="0" hostname="ATMECSINLT-087" name="com.Konakart.KonakartAutomationTesting.testscripts.PriceSlideBarFunctionality" tests="4" failures="0" timestamp="15 Oct 2019 07:28:32 GMT" time="48.006" errors="0">
  <testcase name="priceSlideBar" time="13.010" classname="com.Konakart.KonakartAutomationTesting.testscripts.PriceSlideBarFunctionality"/>
  <testcase name="priceSlideBar" time="11.977" classname="com.Konakart.KonakartAutomationTesting.testscripts.PriceSlideBarFunctionality"/>
  <testcase name="priceSlideBar" time="11.549" classname="com.Konakart.KonakartAutomationTesting.testscripts.PriceSlideBarFunctionality"/>
  <testcase name="priceSlideBar" time="11.470" classname="com.Konakart.KonakartAutomationTesting.testscripts.PriceSlideBarFunctionality"/>
</testsuite> <!-- com.Konakart.KonakartAutomationTesting.testscripts.PriceSlideBarFunctionality -->
