<?xml version="1.0" encoding="UTF-8"?>
<!-- Generated by org.testng.reporters.JUnitReportReporter -->
<testsuite skipped="0" hostname="ATMECSINLT-087" name="com.Konakart.KonakartAutomationTesting.testscripts.PriceSlideBarFunctionality" tests="4" failures="0" timestamp="14 Oct 2019 12:38:28 GMT" time="45.639" errors="0">
  <testcase name="priceSlideBar" time="10.427" classname="com.Konakart.KonakartAutomationTesting.testscripts.PriceSlideBarFunctionality"/>
  <testcase name="priceSlideBar" time="13.267" classname="com.Konakart.KonakartAutomationTesting.testscripts.PriceSlideBarFunctionality"/>
  <testcase name="priceSlideBar" time="10.806" classname="com.Konakart.KonakartAutomationTesting.testscripts.PriceSlideBarFunctionality"/>
  <testcase name="priceSlideBar" time="11.139" classname="com.Konakart.KonakartAutomationTesting.testscripts.PriceSlideBarFunctionality"/>
</testsuite> <!-- com.Konakart.KonakartAutomationTesting.testscripts.PriceSlideBarFunctionality -->
