<?xml version="1.0" encoding="UTF-8"?>
<!-- Generated by org.testng.reporters.JUnitReportReporter -->
<testsuite skipped="0" hostname="ATMECSINLT-087" name="com.Konakart.KonakartAutomationTesting.testscripts.HomePageSearchBoxFunctionality" tests="1" failures="0" timestamp="15 Oct 2019 09:07:23 GMT" time="7.696" errors="0">
  <testcase name="searchBox" time="7.696" classname="com.Konakart.KonakartAutomationTesting.testscripts.HomePageSearchBoxFunctionality"/>
</testsuite> <!-- com.Konakart.KonakartAutomationTesting.testscripts.HomePageSearchBoxFunctionality -->
