<?xml version="1.0" encoding="UTF-8"?>
<!-- Generated by org.testng.reporters.JUnitReportReporter -->
<testsuite skipped="0" hostname="ATMECSINLT-087" name="com.Konakart.KonakartAutomationTesting.testscripts.HeroImageFunctionality" tests="5" failures="0" timestamp="15 Oct 2019 10:04:41 GMT" time="40.986" errors="0">
  <testcase name="heroImageSelect" time="5.808" classname="com.Konakart.KonakartAutomationTesting.testscripts.HeroImageFunctionality"/>
  <testcase name="heroImgContent" time="1.374" classname="com.Konakart.KonakartAutomationTesting.testscripts.HeroImageFunctionality"/>
  <testcase name="heroImgContent" time="0.247" classname="com.Konakart.KonakartAutomationTesting.testscripts.HeroImageFunctionality"/>
  <testcase name="heroImgSortingDateFunctionality" time="16.379" classname="com.Konakart.KonakartAutomationTesting.testscripts.HeroImageFunctionality"/>
  <testcase name="heroImgSortingRatingFunctionality" time="17.178" classname="com.Konakart.KonakartAutomationTesting.testscripts.HeroImageFunctionality"/>
</testsuite> <!-- com.Konakart.KonakartAutomationTesting.testscripts.HeroImageFunctionality -->
