<?xml version="1.0" encoding="UTF-8"?>
<!-- Generated by org.testng.reporters.JUnitReportReporter -->
<testsuite skipped="0" hostname="ATMECSINLT-087" name="com.Konakart.KonakartAutomationTesting.testscripts.HomePageSearchBoxFunctionality" tests="1" failures="0" timestamp="14 Oct 2019 11:13:43 GMT" time="6.368" errors="0">
  <testcase name="searchBox" time="6.368" classname="com.Konakart.KonakartAutomationTesting.testscripts.HomePageSearchBoxFunctionality"/>
</testsuite> <!-- com.Konakart.KonakartAutomationTesting.testscripts.HomePageSearchBoxFunctionality -->
