<?xml version="1.0" encoding="UTF-8"?>
<!-- Generated by org.testng.reporters.JUnitReportReporter -->
<testsuite skipped="0" hostname="ATMECSINLT-087" name="com.Konakart.KonakartAutomationTesting.testscripts.PriceSlideBarFunctionality" tests="4" failures="0" timestamp="15 Oct 2019 10:58:03 GMT" time="34.680" errors="0">
  <testcase name="priceSlideBar" time="6.916" classname="com.Konakart.KonakartAutomationTesting.testscripts.PriceSlideBarFunctionality"/>
  <testcase name="priceSlideBar" time="6.814" classname="com.Konakart.KonakartAutomationTesting.testscripts.PriceSlideBarFunctionality"/>
  <testcase name="priceSlideBar" time="7.829" classname="com.Konakart.KonakartAutomationTesting.testscripts.PriceSlideBarFunctionality"/>
  <testcase name="priceSlideBar" time="13.121" classname="com.Konakart.KonakartAutomationTesting.testscripts.PriceSlideBarFunctionality"/>
</testsuite> <!-- com.Konakart.KonakartAutomationTesting.testscripts.PriceSlideBarFunctionality -->
