<?xml version="1.0" encoding="UTF-8"?>
<!-- Generated by org.testng.reporters.JUnitReportReporter -->
<testsuite skipped="0" hostname="ATMECSINLT-087" name="com.Konakart.KonakartAutomationTesting.testscripts.ComuterPeripheralsFunctionality" tests="3" failures="0" timestamp="14 Oct 2019 14:18:45 GMT" time="10.515" errors="0">
  <testcase name="searchBoxWithoutSearchOption" time="2.804" classname="com.Konakart.KonakartAutomationTesting.testscripts.ComuterPeripheralsFunctionality"/>
  <testcase name="searchBoxWithSearchOption" time="7.459" classname="com.Konakart.KonakartAutomationTesting.testscripts.ComuterPeripheralsFunctionality"/>
  <testcase name="productDetailsVerify" time="0.252" classname="com.Konakart.KonakartAutomationTesting.testscripts.ComuterPeripheralsFunctionality"/>
</testsuite> <!-- com.Konakart.KonakartAutomationTesting.testscripts.ComuterPeripheralsFunctionality -->
