<?xml version="1.0" encoding="UTF-8"?>
<!-- Generated by org.testng.reporters.JUnitReportReporter -->
<testsuite skipped="0" hostname="ATMECSINLT-087" name="com.Konakart.KonakartAutomationTesting.testscripts.HeroImageFunctionality" tests="5" failures="0" timestamp="14 Oct 2019 15:10:10 GMT" time="35.005" errors="0">
  <testcase name="heroImageSelect" time="4.537" classname="com.Konakart.KonakartAutomationTesting.testscripts.HeroImageFunctionality"/>
  <testcase name="heroImgContent" time="0.742" classname="com.Konakart.KonakartAutomationTesting.testscripts.HeroImageFunctionality"/>
  <testcase name="heroImgContent" time="0.037" classname="com.Konakart.KonakartAutomationTesting.testscripts.HeroImageFunctionality"/>
  <testcase name="heroImgSortingDateFunctionality" time="14.351" classname="com.Konakart.KonakartAutomationTesting.testscripts.HeroImageFunctionality"/>
  <testcase name="heroImgSortingRatingFunctionality" time="15.338" classname="com.Konakart.KonakartAutomationTesting.testscripts.HeroImageFunctionality"/>
</testsuite> <!-- com.Konakart.KonakartAutomationTesting.testscripts.HeroImageFunctionality -->
