<?xml version="1.0" encoding="UTF-8"?>
<!-- Generated by org.testng.reporters.JUnitReportReporter -->
<testsuite skipped="0" hostname="ATMECSINLT-087" name="com.Konakart.KonakartAutomationTesting.testscripts.ComuterPeripheralsFunctionality" tests="3" failures="0" timestamp="15 Oct 2019 09:07:23 GMT" time="11.918" errors="0">
  <testcase name="searchBoxWithoutSearchOption" time="2.475" classname="com.Konakart.KonakartAutomationTesting.testscripts.ComuterPeripheralsFunctionality"/>
  <testcase name="searchBoxWithSearchOption" time="9.071" classname="com.Konakart.KonakartAutomationTesting.testscripts.ComuterPeripheralsFunctionality"/>
  <testcase name="productDetailsVerify" time="0.372" classname="com.Konakart.KonakartAutomationTesting.testscripts.ComuterPeripheralsFunctionality"/>
</testsuite> <!-- com.Konakart.KonakartAutomationTesting.testscripts.ComuterPeripheralsFunctionality -->
